<?xml version="1.0" encoding="UTF-8"?>
<!-- Generated by org.testng.reporters.JUnitReportReporter -->
<testsuite hostname="DESKTOP-T8FVI88" name="com.example.tests.Tc47SMSGSmoke" tests="1" failures="0" timestamp="26 Jun 2018 16:17:43 GMT" time="35.811" errors="0">
  <testcase name="testTc47SMSGSmoke" time="35.811" classname="com.example.tests.Tc47SMSGSmoke"/>
</testsuite> <!-- com.example.tests.Tc47SMSGSmoke -->
